Thu Dec 28 15:42:19 2006
Wombat starts, version 1.1a
User is rfoley
Thu Dec 28 16:13:53 2006
Wombat starts, version 1.1a
User is rfoley
Thu Dec 28 16:53:00 2006
File: sn2006sr-20061225.241-variance-bt.flm and
file: sn2006sr-20061225.241-variance-bb.flm combined equally
Thu Dec 28 17:11:48 2006
Wombat starts, version 1.1a
User is rfoley
Thu Dec 28 17:12:06 2006
File: sn2006sr-20061225.241-variance-bt.flm and
file: sn2006sr-20061225.241-variance-bb.flm combined equally
Thu Dec 28 17:12:23 2006
File: sn2006sr-20061225.241-variance-bt.flm and
file: sn2006sr-20061225.241-variance-bb.flm combined
with weights 1.00000 and 1.50000 respectively
Thu Dec 28 17:14:24 2006
File: sn2006sr-20061225.241-variance-bb.flm and
file: sn2006sr-20061225.241-variance-bt.flm combined
with weights and respectively
Thu Dec 28 21:37:05 2006
File: sn2006sr-20061225.241-variance-bb.flm and
File: sn2006sr-20061225.241-variance-bt.flm combined equally
File: sn2006sr-20061225.241-variance-bb.flm combined equally
Thu Dec 28 21:39:09 2006
File: sn2006sr-20061225.241-variance-bb.flm and
File: sn2006sr-20061225.241-variance-bb.flm combined equally
File: sn2006sr-20061225.241-variance-bb.flm combined equally
File: sn2006sr-20061225.241-variance-bb.flm combined equally
Thu Dec 28 21:52:47 2006
File: sn2006sr-20061225.241-variance-bb.flm and
file: sn2006sr-20061225.241-variance-bb.flm combined equally
Thu Dec 28 21:53:00 2006
File: sn2006sr-20061225.241-variance-bb.flm and
File: sn2006sr-20061225.241-variance-bb.flm combined equally
Thu Dec 28 22:30:43 2006
Wombat starts, version 1.1a
User is rfoley
Thu Dec 28 22:01:53 2006
File: sn2006sr-20061225.241-variance-bb.flm and
File: sn2006sr-20061225.241-variance-bb.flm combined equally
Thu Dec 28 22:02:19 2006
File: sn2006sr-20061225.241-variance-bb.flm and
Thu Dec 28 22:02:34 2006
File: sn2006sr-20061225.241-variance-bb.flm and
File: sn2006sr-20061225.241-variance-bb.flm combined equally
Thu Dec 28 22:02:53 2006
File: sn2006sr-20061225.241-variance-bb.flm and
File: sn2006sr-20061225.241-variance-bb.flm combined equally
File: sn2006sr-20061225.241-variance-bb.flm combined equally
0.00000  with weights 0.00000  with weights 0.00000
Fri Dec 29 00:10:07 2006
Wombat starts, version 1.1a
User is rfoley
Fri Dec 29 00:10:50 2006
File: sn2006sr-20061225.241-variance-bb.flm and
file: sn2006sr-20061225.241-variance-bt.flm combined
with weights and respectively
Fri Dec 29 00:11:37 2006
File: sn2006sr-20061225.241-variance-rt.flm blotched
from: 7444.00 to 7454.00
Fri Dec 29 00:11:45 2006
File: sn2006sr-20061225.241-variance-rt.flm blotched
from: 6270.00 to 6274.00
Fri Dec 29 00:11:54 2006
File: sn2006sr-20061225.241-variance-rt.flm blotched
from: 6390.00 to 6400.00
Fri Dec 29 00:12:01 2006
File: sn2006sr-20061225.241-variance-rt.flm blotched
from: 6718.00 to 6724.00
Fri Dec 29 00:12:10 2006
File: sn2006sr-20061225.241-variance-rt.flm blotched
from: 5460.00 to 5468.00
Fri Dec 29 00:12:16 2006
File: sn2006sr-20061225.241-variance-rt.flm blotched
from: 5450.00 to 5454.00
Fri Dec 29 00:12:35 2006
File: sn2006sr-20061225.241-variance-rb.flm blotched
from: 5458.00 to 5464.00
Fri Dec 29 00:12:42 2006
File: sn2006sr-20061225.241-variance-rb.flm blotched
from: 5448.00 to 5452.00
Fri Dec 29 00:13:01 2006
File: sn2006sr-20061225.241-variance-rt.flm blotched
from: 5988.00 to 5988.00
Fri Dec 29 00:13:55 2006
File: sn2006sr-20061225.241-variance-rb.flm and
file: sn2006sr-20061225.241-variance-rt.flm combined
with weights and respectively
oley
Fri Dec 29 00:46:23 2006
File: sn2006sr-20061225.241-variance-bb.flm and
file: sn2006sr-20061225.241-variance-rb.flm concatenated
over wavelength range: 5518.00 to 5628.00
Scaled to red by factor 0.950279
Blue and red added together with variance for weight
Fri Dec 29 11:13:27 2006
Wombat starts, version 1.1a
User is rfoley
Fri Dec 29 11:14:39 2006
File: sn2006sr-20061225.241-variance-bb.flm and
file: sn2006sr-20061225.241-variance-rb.flm concatenated
over wavelength range: 5524.00 to 5662.00
Scaled to red by factor 0.949249
Blue and red added together with variance for weight
Fri Dec 29 11:20:56 2006
Wombat starts, version 1.1a
User is rfoley
Fri Dec 29 11:28:08 2006
File: sn2006sr-20061225.241-variance-bb.flm and
file: sn2006sr-20061225.241-variance-rb.flm concatenated
over wavelength range: 5524.00 to 5638.00
Scaled to red by factor 0.948660
Blue and red added together with variance for weight
Fri Dec 29 11:32:48 2006
Wombat starts, version 1.1a
User is rfoley
Fri Dec 29 11:33:31 2006
File: sn2006sr-20061225.241-variance-bb.flm and
file: sn2006sr-20061225.241-variance-rb.flm concatenated
over wavelength range: 5530.00 to 5656.00
Scaled to red by factor 0.948615
Blue and red added together with variance for weight
Fri Dec 29 11:40:18 2006
File: sn2006sr-20061225.241-variance-bb.flm and
file: sn2006sr-20061225.241-variance-bt.flm combined
with weights and respectively
Fri Dec 29 14:17:44 2006
Wombat starts, version 1.1a
User is rfoley
Fri Dec 29 14:18:38 2006
File: sn2006sr-20061225.241-variance-bb.flm and
file: sn2006sr-20061225.241-variance-rb.flm concatenated
over wavelength range: 5524.00 to 5652.00
Scaled to red by factor 0.949173
Blue and red added together with variance for weight
Fri Dec 29 14:20:38 2006
File: sn2006sr-20061225.241-variance-bb.flm and
file: sn2006sr-20061225.241-variance-bt.flm combined equally
Fri Dec 29 14:20:44 2006
File: sn2006sr-20061225.241-variance-bb.flm and
file: sn2006sr-20061225.241-variance-bt.flm combined
with weights and respectively
Fri Dec 29 14:33:39 2006
Wombat starts, version 1.1a
User is rfoley
Fri Dec 29 14:34:32 2006
File: sn2006sr-20061225.241-variance-bb.flm and
file: sn2006sr-20061225.241-variance-rb.flm concatenated
over wavelength range: 5518.00 to 5658.00
Scaled to red by factor 0.950231
Blue and red added together equally
Fri Dec 29 14:35:07 2006
File: sn2006sr-20061225.241-variance-bb.flm and
file: sn2006sr-20061225.241-variance-rb.flm concatenated
over wavelength range: 5514.00 to 5662.00
Scaled to red by factor 0.951149
Blue added with weight 1.00000
Red added with weight 1.00000
Fri Dec 29 14:35:39 2006
File: sn2006sr-20061225.241-variance-bb.flm and
file: sn2006sr-20061225.241-variance-rb.flm concatenated
over wavelength range: 5520.00 to 5658.00
Scaled to red by factor 0.948968
Blue and red added together with variance for weight
Fri Dec 29 16:19:46 2006
Wombat starts, version 1.1a
User is rfoley
Fri Dec 29 16:20:17 2006
File: sn2006sr-20061225.241-variance-bb.flm and
file: sn2006sr-20061225.241-variance-bt.flm combined
with weights 1.00000 and 1.00000 respectively
Fri Dec 29 16:43:31 2006
Wombat starts, version 1.1a
User is rfoley
Fri Dec 29 16:44:06 2006
File: sn2006sr-20061225.241-variance-bb.flm and
file: sn2006sr-20061225.241-variance-bt.flm combined equally
Fri Dec 29 16:44:19 2006
File: sn2006sr-20061225.241-variance-bb.flm and
file: sn2006sr-20061225.241-variance-bt.flm combined
with weights 1.00000 and 1.00000 respectively
Fri Dec 29 16:44:37 2006
File: sn2006sr-20061225.241-variance-bb.flm and
file: sn2006sr-20061225.241-variance-bt.flm combined
with weights 10.0000 and 10.0000 respectively
Fri Dec 29 20:52:34 2006
Wombat starts, version 1.1a
User is rfoley
Fri Dec 29 20:53:37 2006
File: sn2006sr-20061225.241-variance-bb.flm and
file: sn2006sr-20061225.241-variance-rb.flm concatenated
over wavelength range: 5524.00 to 5660.00
Scaled to red by factor 0.949249
Blue and red added together equally
Fri Dec 29 20:54:09 2006
File: sn2006sr-20061225.241-variance-bb.flm and
file: sn2006sr-20061225.241-variance-rb.flm concatenated
over wavelength range: 5522.00 to 5654.00
Scaled to red by factor 0.949808
Blue added with weight 1.00000
Red added with weight 1.00000
Fri Dec 29 20:54:49 2006
File: sn2006sr-20061225.241-variance-bb.flm and
file: sn2006sr-20061225.241-variance-rb.flm concatenated
over wavelength range: 5524.00 to 5654.00
Scaled to red by factor 0.950234
Blue added with weight 0.500000
Red added with weight 0.500000
Fri Dec 29 20:55:21 2006
File: sn2006sr-20061225.241-variance-bb.flm and
file: sn2006sr-20061225.241-variance-rb.flm concatenated
over wavelength range: 5528.00 to 5654.00
Scaled to red by factor 0.948358
Blue added with weight 2.00000
Red added with weight 2.00000
Fri Dec 29 20:55:52 2006
File: sn2006sr-20061225.241-variance-bb.flm and
file: sn2006sr-20061225.241-variance-rb.flm concatenated
over wavelength range: 5528.00 to 5652.00
Scaled to red by factor 0.948819
Blue and red added together with variance for weight
Fri Dec 29 21:01:39 2006
Wombat starts, version 1.1a
User is rfoley
Fri Dec 29 21:02:33 2006
File: sn2006sr-20061225.241-variance-bb.flm and
file: sn2006sr-20061225.241-variance-rb.flm concatenated
over wavelength range: 5526.00 to 5654.00
Scaled to red by factor 0.949401
Blue and red added together equally
Fri Dec 29 21:03:23 2006
File: sn2006sr-20061225.241-variance-bb.flm and
file: sn2006sr-20061225.241-variance-rb.flm concatenated
over wavelength range: 5518.00 to 5648.00
Scaled to red by factor 0.949755
Blue added with weight 0.500000
Red added with weight 0.500000
Fri Dec 29 21:03:55 2006
File: sn2006sr-20061225.241-variance-bb.flm and
file: sn2006sr-20061225.241-variance-rb.flm concatenated
over wavelength range: 5524.00 to 5656.00
Scaled to red by factor 0.950234
Blue added with weight 0.500000
Red added with weight 0.500000
Fri Dec 29 21:04:33 2006
File: sn2006sr-20061225.241-variance-bb.flm and
file: sn2006sr-20061225.241-variance-rb.flm concatenated
over wavelength range: 5526.00 to 5656.00
Scaled to red by factor 0.948693
Blue added with weight 0.500000
Red added with weight 0.500000
Fri Dec 29 21:19:03 2006
Wombat starts, version 1.1a
User is rfoley
Fri Dec 29 21:19:32 2006
File: sn2006sr-20061225.241-variance-bb.flm and
file: sn2006sr-20061225.241-variance-bt.flm combined
with weights and respectively
Fri Dec 29 21:20:28 2006
File: sn2006sr-20061225.241-variance-rt.flm blotched
from: 7442.00 to 7454.00
Fri Dec 29 21:20:35 2006
File: sn2006sr-20061225.241-variance-rt.flm blotched
from: 6714.00 to 6724.00
Fri Dec 29 21:20:42 2006
File: sn2006sr-20061225.241-variance-rt.flm blotched
from: 5988.00 to 5990.00
Fri Dec 29 21:20:49 2006
File: sn2006sr-20061225.241-variance-rt.flm blotched
from: 6390.00 to 6394.00
Fri Dec 29 21:20:56 2006
File: sn2006sr-20061225.241-variance-rt.flm blotched
from: 6270.00 to 6274.00
Fri Dec 29 21:21:04 2006
File: sn2006sr-20061225.241-variance-rt.flm blotched
from: 5460.00 to 5466.00
Fri Dec 29 21:21:10 2006
File: sn2006sr-20061225.241-variance-rt.flm blotched
from: 5450.00 to 5454.00
Fri Dec 29 21:21:30 2006
File: sn2006sr-20061225.241-variance-rb.flm blotched
from: 5448.00 to 5452.00
Fri Dec 29 21:21:36 2006
File: sn2006sr-20061225.241-variance-rb.flm blotched
from: 5458.00 to 5464.00
Fri Dec 29 21:21:44 2006
File: sn2006sr-20061225.241-variance-rb.flm blotched
from: 5482.00 to 5484.00
Fri Dec 29 21:22:25 2006
File: sn2006sr-20061225.241-variance-rb.flm and
file: sn2006sr-20061225.241-variance-rt.flm combined
with weights and respectively
Fri Dec 29 21:23:16 2006
File: sn2006sr-20061225.241-variance-bb.flm and
file: sn2006sr-20061225.241-variance-rb.flm concatenated
over wavelength range: 5524.00 to 5652.00
Scaled to red by factor 0.945377
Blue and red added together with variance for weight
Thu Jul 23 20:44:38 2009
Wombat starts, version 1.1a
User is jsilv
Sun Jun  6 18:25:07 2010
Wombat starts, version 1.1a
User is jsilv
Sun Jun  6 18:26:19 2010
Wombat starts, version 1.1a
User is jsilv
